OrderID: 1
Final Cost: $29.25
---
Customer Information: 
Phone Number: 1234567890
Name: Jake Swinney
Address: 123 Fake St.
Charge Type: Cash
Special Info: Special here
---
Pizzas Information: 
Size: M
Crust Type: Hand Tossed Crust
Pizza Cost: 15.75
Toppings: 
Bell Peppers
Extra Cheese
Mushrooms
Pepperoni
Sausage
Bell Peppers
Extra Cheese
Mushrooms
Pepperoni
Sausage
Size: S
Crust Type: Thin Crust
Pizza Cost: 11.5
Toppings: 
Pepperoni
Sausage
---
Beverage Information: 
Size M
Name: Coke
Cost: 2.0
OrderID: 1
Final Cost: $15.5
---
Customer Information: 
Phone Number: 1234567890
Name: Jake Swinney
Address: 123 Fake St.
Charge Type: Cash
Special Info: asdf
---
Pizzas Information: 
Size: S
Crust Type: Thin Crust
Pizza Cost: 11.5
Toppings: 
Pepperoni
Sausage
---
Beverage Information: 
Size M
Name: Coke
Cost: 2.0
Size M
Name: Coke
Cost: 2.0
OrderID: 1
Final Cost: $14.5
---
Customer Information: 
Phone Number: 1234567890
Name: Jake Swinney
Address: 123 Fake St.
Charge Type: Cash
Special Info: asdf
---
Pizzas Information: 
Size: S
Crust Type: Thin Crust
Pizza Cost: 11.5
Toppings: 
Pepperoni
Sausage
---
Beverage Information: 
Size S
Name: Coke
Cost: 1.0
Size M
Name: Diet Coke
Cost: 2.0
